========================================
  Job array index : 1
  Prior           : gaussian
  Seed            : 42
  Run ID          : 0
  Save dir        : models/gaussian/run_0
  Device          : cuda
========================================
Training on: cuda

============================================================
Training VAE with GAUSSIAN prior
Latent dim: 20, Hidden dim: 256
============================================================

Epoch   1 | Train Loss: 185.55 | Test ELBO: -144.57
Epoch   2 | Train Loss: 130.90 | Test ELBO: -119.44
Epoch   3 | Train Loss: 114.57 | Test ELBO: -108.15
Epoch   4 | Train Loss: 106.16 | Test ELBO: -102.24
Epoch   5 | Train Loss: 101.65 | Test ELBO: -98.67
Epoch   6 | Train Loss: 98.27 | Test ELBO: -96.08
Epoch   7 | Train Loss: 95.88 | Test ELBO: -94.57
Epoch   8 | Train Loss: 93.99 | Test ELBO: -92.63
Epoch   9 | Train Loss: 92.55 | Test ELBO: -91.71
Epoch  10 | Train Loss: 91.41 | Test ELBO: -90.60
Epoch  11 | Train Loss: 90.45 | Test ELBO: -89.96
Epoch  12 | Train Loss: 89.62 | Test ELBO: -89.54
Epoch  13 | Train Loss: 88.93 | Test ELBO: -89.03
Epoch  14 | Train Loss: 88.30 | Test ELBO: -88.80
Epoch  15 | Train Loss: 87.80 | Test ELBO: -87.98
Epoch  16 | Train Loss: 87.26 | Test ELBO: -87.66
Epoch  17 | Train Loss: 86.89 | Test ELBO: -87.55
Epoch  18 | Train Loss: 86.46 | Test ELBO: -87.24
Epoch  19 | Train Loss: 86.13 | Test ELBO: -87.09
Epoch  20 | Train Loss: 85.76 | Test ELBO: -86.80
Epoch  21 | Train Loss: 85.48 | Test ELBO: -86.55
Epoch  22 | Train Loss: 85.27 | Test ELBO: -86.61
Epoch  23 | Train Loss: 84.95 | Test ELBO: -86.09
Epoch  24 | Train Loss: 84.64 | Test ELBO: -85.84
Epoch  25 | Train Loss: 84.49 | Test ELBO: -86.07
Epoch  26 | Train Loss: 84.25 | Test ELBO: -85.92
Epoch  27 | Train Loss: 84.07 | Test ELBO: -85.51
Epoch  28 | Train Loss: 83.88 | Test ELBO: -85.57
Epoch  29 | Train Loss: 83.68 | Test ELBO: -85.50
Epoch  30 | Train Loss: 83.50 | Test ELBO: -85.46
Epoch  31 | Train Loss: 83.38 | Test ELBO: -85.58
Epoch  32 | Train Loss: 83.20 | Test ELBO: -85.41
Epoch  33 | Train Loss: 83.09 | Test ELBO: -85.15
Epoch  34 | Train Loss: 82.89 | Test ELBO: -85.25
Epoch  35 | Train Loss: 82.78 | Test ELBO: -85.03
Epoch  36 | Train Loss: 82.62 | Test ELBO: -85.41
Epoch  37 | Train Loss: 82.55 | Test ELBO: -84.87
Epoch  38 | Train Loss: 82.42 | Test ELBO: -85.07
Epoch  39 | Train Loss: 82.28 | Test ELBO: -84.72
Epoch  40 | Train Loss: 82.16 | Test ELBO: -84.57
Epoch  41 | Train Loss: 82.11 | Test ELBO: -84.61
Epoch  42 | Train Loss: 81.92 | Test ELBO: -84.42
Epoch  43 | Train Loss: 81.91 | Test ELBO: -84.37
Epoch  44 | Train Loss: 81.76 | Test ELBO: -84.22
Epoch  45 | Train Loss: 81.69 | Test ELBO: -84.81
Epoch  46 | Train Loss: 81.64 | Test ELBO: -84.29
Epoch  47 | Train Loss: 81.53 | Test ELBO: -84.55
Epoch  48 | Train Loss: 81.43 | Test ELBO: -84.27
Epoch  49 | Train Loss: 81.37 | Test ELBO: -84.48
Epoch  50 | Train Loss: 81.24 | Test ELBO: -84.41

Training complete. Best test ELBO: -84.22
Model saved to: models/gaussian/run_0/vae_gaussian_final.pt

Done: gaussian prior, seed=42

------------------------------------------------------------
Sender: LSF System <lsfadmin@hpc.dtu.dk>
Subject: Job 27935129[1]: <vae_train[1-9]> in cluster <dcc> Done

Job <vae_train[1-9]> was submitted from host <hpclogin1> by user <s214374> in cluster <dcc> at Mon Mar  2 13:42:52 2026
Job was executed on host(s) <4*n-62-11-13>, in queue <gpuv100>, as user <s214374> in cluster <dcc> at Mon Mar  2 13:42:53 2026
</zhome/02/6/167678> was used as the home directory.
</zhome/02/6/167678/AdvancedML> was used as the working directory.
Started at Mon Mar  2 13:42:53 2026
Terminated at Mon Mar  2 13:51:57 2026
Results reported at Mon Mar  2 13:51:57 2026

Your job looked like:

------------------------------------------------------------
# LSBATCH: User input
#!/bin/bash
# ===========================================================================
# train_vae.sh — LSF job array: train VAE with 3 priors × 3 seeds = 9 jobs
#
# Each array task trains a single (prior, seed) combination.
# Task mapping:
#   1-3  →  gaussian  (seeds 42, 43, 44)
#   4-6  →  mog       (seeds 42, 43, 44)
#   7-9  →  flow      (seeds 42, 43, 44)
#
# Prerequisites:  bash batch/setup_gpu.sh   (one-time, on login node)
# Submit:         bsub < batch/train_vae.sh
# ===========================================================================
#BSUB -J vae_train[1-9]
#BSUB -q gpuv100
#BSUB -n 4
#BSUB -R "rusage[mem=8GB]"
#BSUB -R "span[hosts=1]"
#BSUB -gpu "num=1:mode=exclusive_process"
#BSUB -W 02:00
#BSUB -o logs/vae_%J_%I.out
#BSUB -e logs/vae_%J_%I.err

set -euo pipefail

# ── Environment ───────────────────────────────────────────────────────
REPO_DIR="/zhome/02/6/167678/AdvancedML"
cd "$REPO_DIR"

module load python3/3.12.7
module load cuda/12.2.2
module load cudnn/v9.1.1.17-prod-cuda-12.X
module load nccl/2.21.5-1-cuda-12.2.2

export PATH="$HOME/.local/bin:$PATH"
source .venv/bin/activate

mkdir -p logs models reports/figures

# ── Map array index → (prior, seed) ──────────────────────────────────
PRIORS=("gaussian" "gaussian" "gaussian" "mog" "mog" "mog" "flow" "flow" "flow")
SEEDS=(42 43 44 42 43 44 42 43 44)

IDX=$(( ${LSB_JOBINDEX} - 1 ))
PRIOR="${PRIORS[$IDX]}"
SEED="${SEEDS[$IDX]}"
RUN_ID=$(( (IDX % 3) ))

SAVE_DIR="models/${PRIOR}/run_${RUN_ID}"


(... more ...)
------------------------------------------------------------

Successfully completed.

Resource usage summary:

    CPU time :                                   521.00 sec.
    Max Memory :                                 811 MB
    Average Memory :                             674.33 MB
    Total Requested Memory :                     32768.00 MB
    Delta Memory :                               31957.00 MB
    Max Swap :                                   -
    Max Processes :                              4
    Max Threads :                                11
    Run time :                                   560 sec.
    Turnaround time :                            545 sec.

The output (if any) is above this job summary.



PS:

Read file <logs/vae_27935129_1.err> for stderr output of this job.

