========================================
  Job array index : 7
  Prior           : flow
  Seed            : 42
  Run ID          : 0
  Save dir        : models/flow/run_0
  Device          : cpu
========================================
Training on: cpu

============================================================
Training VAE with FLOW prior
Latent dim: 20, Hidden dim: 256
============================================================

Epoch   1 | Train Loss: 184.93 | Test ELBO: -138.80
Epoch   2 | Train Loss: 126.23 | Test ELBO: -114.79
Epoch   3 | Train Loss: 111.29 | Test ELBO: -106.08
Epoch   4 | Train Loss: 103.65 | Test ELBO: -100.06
Epoch   5 | Train Loss: 98.94 | Test ELBO: -96.52
Epoch   6 | Train Loss: 95.54 | Test ELBO: -93.57
Epoch   7 | Train Loss: 92.94 | Test ELBO: -91.15
Epoch   8 | Train Loss: 90.87 | Test ELBO: -90.10
Epoch   9 | Train Loss: 89.30 | Test ELBO: -88.53
Epoch  10 | Train Loss: 87.95 | Test ELBO: -87.47
Epoch  11 | Train Loss: 86.93 | Test ELBO: -87.04
Epoch  12 | Train Loss: 86.02 | Test ELBO: -86.05
Epoch  13 | Train Loss: 85.20 | Test ELBO: -85.62
Epoch  14 | Train Loss: 84.46 | Test ELBO: -84.57
Epoch  15 | Train Loss: 83.74 | Test ELBO: -84.48
Epoch  16 | Train Loss: 83.12 | Test ELBO: -83.70
Epoch  17 | Train Loss: 82.51 | Test ELBO: -82.97
Epoch  18 | Train Loss: 81.97 | Test ELBO: -82.62
Epoch  19 | Train Loss: 81.48 | Test ELBO: -82.32
Epoch  20 | Train Loss: 81.02 | Test ELBO: -81.93
Epoch  21 | Train Loss: 80.61 | Test ELBO: -81.37
Epoch  22 | Train Loss: 80.25 | Test ELBO: -81.19
Epoch  23 | Train Loss: 79.93 | Test ELBO: -81.24
Epoch  24 | Train Loss: 79.57 | Test ELBO: -80.81
Epoch  25 | Train Loss: 79.28 | Test ELBO: -80.65
Epoch  26 | Train Loss: 79.07 | Test ELBO: -80.48
Epoch  27 | Train Loss: 78.80 | Test ELBO: -80.81
Epoch  28 | Train Loss: 78.56 | Test ELBO: -80.28
Epoch  29 | Train Loss: 78.35 | Test ELBO: -80.03
Epoch  30 | Train Loss: 78.11 | Test ELBO: -79.87
Epoch  31 | Train Loss: 77.87 | Test ELBO: -79.87
Epoch  32 | Train Loss: 77.69 | Test ELBO: -79.65
Epoch  33 | Train Loss: 77.57 | Test ELBO: -79.23
Epoch  34 | Train Loss: 77.37 | Test ELBO: -79.15
Epoch  35 | Train Loss: 77.24 | Test ELBO: -79.18
Epoch  36 | Train Loss: 77.08 | Test ELBO: -78.73
Epoch  37 | Train Loss: 76.93 | Test ELBO: -78.98
Epoch  38 | Train Loss: 76.78 | Test ELBO: -78.82
Epoch  39 | Train Loss: 76.64 | Test ELBO: -78.42
Epoch  40 | Train Loss: 76.48 | Test ELBO: -78.67
Epoch  41 | Train Loss: 76.36 | Test ELBO: -78.43
Epoch  42 | Train Loss: 76.29 | Test ELBO: -78.52
Epoch  43 | Train Loss: 76.22 | Test ELBO: -78.13
Epoch  44 | Train Loss: 76.03 | Test ELBO: -78.38
Epoch  45 | Train Loss: 75.96 | Test ELBO: -78.14
Epoch  46 | Train Loss: 75.76 | Test ELBO: -78.13
Epoch  47 | Train Loss: 75.72 | Test ELBO: -78.46
Epoch  48 | Train Loss: 75.60 | Test ELBO: -78.05
Epoch  49 | Train Loss: 75.55 | Test ELBO: -78.23
Epoch  50 | Train Loss: 75.41 | Test ELBO: -78.04

Training complete. Best test ELBO: -78.04
Model saved to: models/flow/run_0/vae_flow_final.pt

Done: flow prior, seed=42

------------------------------------------------------------
Sender: LSF System <lsfadmin@hpc.dtu.dk>
Subject: Job 27935129[7]: <vae_train[1-9]> in cluster <dcc> Done

Job <vae_train[1-9]> was submitted from host <hpclogin1> by user <s214374> in cluster <dcc> at Mon Mar  2 13:42:52 2026
Job was executed on host(s) <4*n-62-11-16>, in queue <gpuv100>, as user <s214374> in cluster <dcc> at Mon Mar  2 13:50:29 2026
</zhome/02/6/167678> was used as the home directory.
</zhome/02/6/167678/AdvancedML> was used as the working directory.
Started at Mon Mar  2 13:50:29 2026
Terminated at Mon Mar  2 14:01:53 2026
Results reported at Mon Mar  2 14:01:53 2026

Your job looked like:

------------------------------------------------------------
# LSBATCH: User input
#!/bin/bash
# ===========================================================================
# train_vae.sh — LSF job array: train VAE with 3 priors × 3 seeds = 9 jobs
#
# Each array task trains a single (prior, seed) combination.
# Task mapping:
#   1-3  →  gaussian  (seeds 42, 43, 44)
#   4-6  →  mog       (seeds 42, 43, 44)
#   7-9  →  flow      (seeds 42, 43, 44)
#
# Prerequisites:  bash batch/setup_gpu.sh   (one-time, on login node)
# Submit:         bsub < batch/train_vae.sh
# ===========================================================================
#BSUB -J vae_train[1-9]
#BSUB -q gpuv100
#BSUB -n 4
#BSUB -R "rusage[mem=8GB]"
#BSUB -R "span[hosts=1]"
#BSUB -gpu "num=1:mode=exclusive_process"
#BSUB -W 02:00
#BSUB -o logs/vae_%J_%I.out
#BSUB -e logs/vae_%J_%I.err

set -euo pipefail

# ── Environment ───────────────────────────────────────────────────────
REPO_DIR="/zhome/02/6/167678/AdvancedML"
cd "$REPO_DIR"

module load python3/3.12.7
module load cuda/12.2.2
module load cudnn/v9.1.1.17-prod-cuda-12.X
module load nccl/2.21.5-1-cuda-12.2.2

export PATH="$HOME/.local/bin:$PATH"
source .venv/bin/activate

mkdir -p logs models reports/figures

# ── Map array index → (prior, seed) ──────────────────────────────────
PRIORS=("gaussian" "gaussian" "gaussian" "mog" "mog" "mog" "flow" "flow" "flow")
SEEDS=(42 43 44 42 43 44 42 43 44)

IDX=$(( ${LSB_JOBINDEX} - 1 ))
PRIOR="${PRIORS[$IDX]}"
SEED="${SEEDS[$IDX]}"
RUN_ID=$(( (IDX % 3) ))

SAVE_DIR="models/${PRIOR}/run_${RUN_ID}"


(... more ...)
------------------------------------------------------------

Successfully completed.

Resource usage summary:

    CPU time :                                   675.00 sec.
    Max Memory :                                 314 MB
    Average Memory :                             299.57 MB
    Total Requested Memory :                     32768.00 MB
    Delta Memory :                               32454.00 MB
    Max Swap :                                   -
    Max Processes :                              4
    Max Threads :                                8
    Run time :                                   684 sec.
    Turnaround time :                            1141 sec.

The output (if any) is above this job summary.



PS:

Read file <logs/vae_27935129_7.err> for stderr output of this job.

