========================================
  Job array index : 6
  Prior           : mog
  Seed            : 44
  Run ID          : 2
  Save dir        : models/mog/run_2
  Device          : cuda
========================================
Training on: cuda

============================================================
Training VAE with MOG prior
Latent dim: 20, Hidden dim: 256
============================================================

Epoch   1 | Train Loss: 184.51 | Test ELBO: -142.52
Epoch   2 | Train Loss: 128.60 | Test ELBO: -117.13
Epoch   3 | Train Loss: 112.27 | Test ELBO: -105.77
Epoch   4 | Train Loss: 103.85 | Test ELBO: -99.87
Epoch   5 | Train Loss: 98.58 | Test ELBO: -95.50
Epoch   6 | Train Loss: 95.07 | Test ELBO: -92.95
Epoch   7 | Train Loss: 92.43 | Test ELBO: -90.53
Epoch   8 | Train Loss: 90.40 | Test ELBO: -88.90
Epoch   9 | Train Loss: 88.84 | Test ELBO: -87.91
Epoch  10 | Train Loss: 87.63 | Test ELBO: -86.83
Epoch  11 | Train Loss: 86.53 | Test ELBO: -86.01
Epoch  12 | Train Loss: 85.68 | Test ELBO: -85.27
Epoch  13 | Train Loss: 84.98 | Test ELBO: -84.83
Epoch  14 | Train Loss: 84.26 | Test ELBO: -84.43
Epoch  15 | Train Loss: 83.69 | Test ELBO: -84.24
Epoch  16 | Train Loss: 83.14 | Test ELBO: -83.58
Epoch  17 | Train Loss: 82.70 | Test ELBO: -83.34
Epoch  18 | Train Loss: 82.27 | Test ELBO: -82.75
Epoch  19 | Train Loss: 81.88 | Test ELBO: -83.10
Epoch  20 | Train Loss: 81.51 | Test ELBO: -82.61
Epoch  21 | Train Loss: 81.24 | Test ELBO: -82.25
Epoch  22 | Train Loss: 80.96 | Test ELBO: -81.87
Epoch  23 | Train Loss: 80.67 | Test ELBO: -81.49
Epoch  24 | Train Loss: 80.40 | Test ELBO: -81.89
Epoch  25 | Train Loss: 80.24 | Test ELBO: -81.56
Epoch  26 | Train Loss: 79.97 | Test ELBO: -81.17
Epoch  27 | Train Loss: 79.81 | Test ELBO: -81.07
Epoch  28 | Train Loss: 79.59 | Test ELBO: -81.19
Epoch  29 | Train Loss: 79.40 | Test ELBO: -80.92
Epoch  30 | Train Loss: 79.23 | Test ELBO: -81.05
Epoch  31 | Train Loss: 79.09 | Test ELBO: -80.70
Epoch  32 | Train Loss: 78.94 | Test ELBO: -80.63
Epoch  33 | Train Loss: 78.73 | Test ELBO: -81.28
Epoch  34 | Train Loss: 78.66 | Test ELBO: -80.59
Epoch  35 | Train Loss: 78.48 | Test ELBO: -80.36
Epoch  36 | Train Loss: 78.41 | Test ELBO: -80.17
Epoch  37 | Train Loss: 78.24 | Test ELBO: -80.46
Epoch  38 | Train Loss: 78.15 | Test ELBO: -80.25
Epoch  39 | Train Loss: 78.00 | Test ELBO: -80.26
Epoch  40 | Train Loss: 77.99 | Test ELBO: -79.93
Epoch  41 | Train Loss: 77.80 | Test ELBO: -80.04
Epoch  42 | Train Loss: 77.70 | Test ELBO: -79.87
Epoch  43 | Train Loss: 77.64 | Test ELBO: -79.73
Epoch  44 | Train Loss: 77.57 | Test ELBO: -79.57
Epoch  45 | Train Loss: 77.42 | Test ELBO: -79.88
Epoch  46 | Train Loss: 77.39 | Test ELBO: -80.06
Epoch  47 | Train Loss: 77.23 | Test ELBO: -79.78
Epoch  48 | Train Loss: 77.21 | Test ELBO: -79.61
Epoch  49 | Train Loss: 77.09 | Test ELBO: -79.68
Epoch  50 | Train Loss: 77.04 | Test ELBO: -79.58

Training complete. Best test ELBO: -79.57
Model saved to: models/mog/run_2/vae_mog_final.pt

Done: mog prior, seed=44

------------------------------------------------------------
Sender: LSF System <lsfadmin@hpc.dtu.dk>
Subject: Job 27935129[6]: <vae_train[1-9]> in cluster <dcc> Done

Job <vae_train[1-9]> was submitted from host <hpclogin1> by user <s214374> in cluster <dcc> at Mon Mar  2 13:42:52 2026
Job was executed on host(s) <4*n-62-11-16>, in queue <gpuv100>, as user <s214374> in cluster <dcc> at Mon Mar  2 13:43:23 2026
</zhome/02/6/167678> was used as the home directory.
</zhome/02/6/167678/AdvancedML> was used as the working directory.
Started at Mon Mar  2 13:43:23 2026
Terminated at Mon Mar  2 13:50:19 2026
Results reported at Mon Mar  2 13:50:19 2026

Your job looked like:

------------------------------------------------------------
# LSBATCH: User input
#!/bin/bash
# ===========================================================================
# train_vae.sh — LSF job array: train VAE with 3 priors × 3 seeds = 9 jobs
#
# Each array task trains a single (prior, seed) combination.
# Task mapping:
#   1-3  →  gaussian  (seeds 42, 43, 44)
#   4-6  →  mog       (seeds 42, 43, 44)
#   7-9  →  flow      (seeds 42, 43, 44)
#
# Prerequisites:  bash batch/setup_gpu.sh   (one-time, on login node)
# Submit:         bsub < batch/train_vae.sh
# ===========================================================================
#BSUB -J vae_train[1-9]
#BSUB -q gpuv100
#BSUB -n 4
#BSUB -R "rusage[mem=8GB]"
#BSUB -R "span[hosts=1]"
#BSUB -gpu "num=1:mode=exclusive_process"
#BSUB -W 02:00
#BSUB -o logs/vae_%J_%I.out
#BSUB -e logs/vae_%J_%I.err

set -euo pipefail

# ── Environment ───────────────────────────────────────────────────────
REPO_DIR="/zhome/02/6/167678/AdvancedML"
cd "$REPO_DIR"

module load python3/3.12.7
module load cuda/12.2.2
module load cudnn/v9.1.1.17-prod-cuda-12.X
module load nccl/2.21.5-1-cuda-12.2.2

export PATH="$HOME/.local/bin:$PATH"
source .venv/bin/activate

mkdir -p logs models reports/figures

# ── Map array index → (prior, seed) ──────────────────────────────────
PRIORS=("gaussian" "gaussian" "gaussian" "mog" "mog" "mog" "flow" "flow" "flow")
SEEDS=(42 43 44 42 43 44 42 43 44)

IDX=$(( ${LSB_JOBINDEX} - 1 ))
PRIOR="${PRIORS[$IDX]}"
SEED="${SEEDS[$IDX]}"
RUN_ID=$(( (IDX % 3) ))

SAVE_DIR="models/${PRIOR}/run_${RUN_ID}"


(... more ...)
------------------------------------------------------------

Successfully completed.

Resource usage summary:

    CPU time :                                   413.00 sec.
    Max Memory :                                 794 MB
    Average Memory :                             792.40 MB
    Total Requested Memory :                     32768.00 MB
    Delta Memory :                               31974.00 MB
    Max Swap :                                   -
    Max Processes :                              4
    Max Threads :                                11
    Run time :                                   416 sec.
    Turnaround time :                            447 sec.

The output (if any) is above this job summary.



PS:

Read file <logs/vae_27935129_6.err> for stderr output of this job.

