========================================
  Job array index : 3
  Prior           : gaussian
  Seed            : 44
  Run ID          : 2
  Save dir        : models/gaussian/run_2
  Device          : cuda
========================================
Training on: cuda

============================================================
Training VAE with GAUSSIAN prior
Latent dim: 20, Hidden dim: 256
============================================================

Epoch   1 | Train Loss: 185.20 | Test ELBO: -143.28
Epoch   2 | Train Loss: 128.50 | Test ELBO: -115.92
Epoch   3 | Train Loss: 112.24 | Test ELBO: -107.02
Epoch   4 | Train Loss: 105.18 | Test ELBO: -101.67
Epoch   5 | Train Loss: 100.53 | Test ELBO: -97.40
Epoch   6 | Train Loss: 97.23 | Test ELBO: -95.01
Epoch   7 | Train Loss: 94.93 | Test ELBO: -93.41
Epoch   8 | Train Loss: 93.20 | Test ELBO: -91.99
Epoch   9 | Train Loss: 91.85 | Test ELBO: -90.89
Epoch  10 | Train Loss: 90.74 | Test ELBO: -90.31
Epoch  11 | Train Loss: 89.80 | Test ELBO: -89.42
Epoch  12 | Train Loss: 88.96 | Test ELBO: -88.82
Epoch  13 | Train Loss: 88.28 | Test ELBO: -88.24
Epoch  14 | Train Loss: 87.48 | Test ELBO: -88.15
Epoch  15 | Train Loss: 86.96 | Test ELBO: -87.11
Epoch  16 | Train Loss: 86.31 | Test ELBO: -86.85
Epoch  17 | Train Loss: 85.88 | Test ELBO: -86.43
Epoch  18 | Train Loss: 85.35 | Test ELBO: -85.92
Epoch  19 | Train Loss: 84.95 | Test ELBO: -85.90
Epoch  20 | Train Loss: 84.63 | Test ELBO: -85.50
Epoch  21 | Train Loss: 84.22 | Test ELBO: -85.21
Epoch  22 | Train Loss: 83.93 | Test ELBO: -85.28
Epoch  23 | Train Loss: 83.63 | Test ELBO: -85.00
Epoch  24 | Train Loss: 83.33 | Test ELBO: -84.61
Epoch  25 | Train Loss: 83.07 | Test ELBO: -84.79
Epoch  26 | Train Loss: 82.91 | Test ELBO: -84.37
Epoch  27 | Train Loss: 82.65 | Test ELBO: -84.50
Epoch  28 | Train Loss: 82.45 | Test ELBO: -84.38
Epoch  29 | Train Loss: 82.23 | Test ELBO: -84.17
Epoch  30 | Train Loss: 82.10 | Test ELBO: -83.94
Epoch  31 | Train Loss: 81.89 | Test ELBO: -83.91
Epoch  32 | Train Loss: 81.73 | Test ELBO: -84.02
Epoch  33 | Train Loss: 81.53 | Test ELBO: -83.72
Epoch  34 | Train Loss: 81.48 | Test ELBO: -83.81
Epoch  35 | Train Loss: 81.23 | Test ELBO: -83.52
Epoch  36 | Train Loss: 81.18 | Test ELBO: -83.99
Epoch  37 | Train Loss: 80.99 | Test ELBO: -83.72
Epoch  38 | Train Loss: 80.91 | Test ELBO: -83.24
Epoch  39 | Train Loss: 80.79 | Test ELBO: -83.28
Epoch  40 | Train Loss: 80.68 | Test ELBO: -83.17
Epoch  41 | Train Loss: 80.58 | Test ELBO: -83.13
Epoch  42 | Train Loss: 80.48 | Test ELBO: -83.41
Epoch  43 | Train Loss: 80.30 | Test ELBO: -83.22
Epoch  44 | Train Loss: 80.24 | Test ELBO: -83.20
Epoch  45 | Train Loss: 80.15 | Test ELBO: -83.01
Epoch  46 | Train Loss: 80.09 | Test ELBO: -83.28
Epoch  47 | Train Loss: 79.99 | Test ELBO: -83.24
Epoch  48 | Train Loss: 79.86 | Test ELBO: -83.29
Epoch  49 | Train Loss: 79.80 | Test ELBO: -82.92
Epoch  50 | Train Loss: 79.71 | Test ELBO: -82.96

Training complete. Best test ELBO: -82.92
Model saved to: models/gaussian/run_2/vae_gaussian_final.pt

Done: gaussian prior, seed=44

------------------------------------------------------------
Sender: LSF System <lsfadmin@hpc.dtu.dk>
Subject: Job 27935129[3]: <vae_train[1-9]> in cluster <dcc> Done

Job <vae_train[1-9]> was submitted from host <hpclogin1> by user <s214374> in cluster <dcc> at Mon Mar  2 13:42:52 2026
Job was executed on host(s) <4*n-62-11-16>, in queue <gpuv100>, as user <s214374> in cluster <dcc> at Mon Mar  2 13:42:53 2026
</zhome/02/6/167678> was used as the home directory.
</zhome/02/6/167678/AdvancedML> was used as the working directory.
Started at Mon Mar  2 13:42:53 2026
Terminated at Mon Mar  2 13:49:58 2026
Results reported at Mon Mar  2 13:49:58 2026

Your job looked like:

------------------------------------------------------------
# LSBATCH: User input
#!/bin/bash
# ===========================================================================
# train_vae.sh — LSF job array: train VAE with 3 priors × 3 seeds = 9 jobs
#
# Each array task trains a single (prior, seed) combination.
# Task mapping:
#   1-3  →  gaussian  (seeds 42, 43, 44)
#   4-6  →  mog       (seeds 42, 43, 44)
#   7-9  →  flow      (seeds 42, 43, 44)
#
# Prerequisites:  bash batch/setup_gpu.sh   (one-time, on login node)
# Submit:         bsub < batch/train_vae.sh
# ===========================================================================
#BSUB -J vae_train[1-9]
#BSUB -q gpuv100
#BSUB -n 4
#BSUB -R "rusage[mem=8GB]"
#BSUB -R "span[hosts=1]"
#BSUB -gpu "num=1:mode=exclusive_process"
#BSUB -W 02:00
#BSUB -o logs/vae_%J_%I.out
#BSUB -e logs/vae_%J_%I.err

set -euo pipefail

# ── Environment ───────────────────────────────────────────────────────
REPO_DIR="/zhome/02/6/167678/AdvancedML"
cd "$REPO_DIR"

module load python3/3.12.7
module load cuda/12.2.2
module load cudnn/v9.1.1.17-prod-cuda-12.X
module load nccl/2.21.5-1-cuda-12.2.2

export PATH="$HOME/.local/bin:$PATH"
source .venv/bin/activate

mkdir -p logs models reports/figures

# ── Map array index → (prior, seed) ──────────────────────────────────
PRIORS=("gaussian" "gaussian" "gaussian" "mog" "mog" "mog" "flow" "flow" "flow")
SEEDS=(42 43 44 42 43 44 42 43 44)

IDX=$(( ${LSB_JOBINDEX} - 1 ))
PRIOR="${PRIORS[$IDX]}"
SEED="${SEEDS[$IDX]}"
RUN_ID=$(( (IDX % 3) ))

SAVE_DIR="models/${PRIOR}/run_${RUN_ID}"


(... more ...)
------------------------------------------------------------

Successfully completed.

Resource usage summary:

    CPU time :                                   398.00 sec.
    Max Memory :                                 712 MB
    Average Memory :                             569.40 MB
    Total Requested Memory :                     32768.00 MB
    Delta Memory :                               32056.00 MB
    Max Swap :                                   -
    Max Processes :                              4
    Max Threads :                                11
    Run time :                                   424 sec.
    Turnaround time :                            426 sec.

The output (if any) is above this job summary.



PS:

Read file <logs/vae_27935129_3.err> for stderr output of this job.

