========================================
  Job array index : 5
  Prior           : mog
  Seed            : 43
  Run ID          : 1
  Save dir        : models/mog/run_1
  Device          : cuda
========================================
Training on: cuda

============================================================
Training VAE with MOG prior
Latent dim: 20, Hidden dim: 256
============================================================

Epoch   1 | Train Loss: 186.24 | Test ELBO: -144.98
Epoch   2 | Train Loss: 131.68 | Test ELBO: -119.23
Epoch   3 | Train Loss: 114.82 | Test ELBO: -107.85
Epoch   4 | Train Loss: 105.80 | Test ELBO: -100.82
Epoch   5 | Train Loss: 100.12 | Test ELBO: -96.89
Epoch   6 | Train Loss: 96.66 | Test ELBO: -94.16
Epoch   7 | Train Loss: 94.20 | Test ELBO: -92.42
Epoch   8 | Train Loss: 92.41 | Test ELBO: -91.14
Epoch   9 | Train Loss: 90.83 | Test ELBO: -89.61
Epoch  10 | Train Loss: 89.54 | Test ELBO: -88.62
Epoch  11 | Train Loss: 88.40 | Test ELBO: -88.04
Epoch  12 | Train Loss: 87.47 | Test ELBO: -87.10
Epoch  13 | Train Loss: 86.68 | Test ELBO: -87.55
Epoch  14 | Train Loss: 85.96 | Test ELBO: -85.93
Epoch  15 | Train Loss: 85.34 | Test ELBO: -85.67
Epoch  16 | Train Loss: 84.78 | Test ELBO: -85.08
Epoch  17 | Train Loss: 84.35 | Test ELBO: -84.86
Epoch  18 | Train Loss: 83.88 | Test ELBO: -84.53
Epoch  19 | Train Loss: 83.47 | Test ELBO: -84.13
Epoch  20 | Train Loss: 83.12 | Test ELBO: -83.92
Epoch  21 | Train Loss: 82.84 | Test ELBO: -83.80
Epoch  22 | Train Loss: 82.51 | Test ELBO: -83.76
Epoch  23 | Train Loss: 82.26 | Test ELBO: -83.20
Epoch  24 | Train Loss: 81.99 | Test ELBO: -83.11
Epoch  25 | Train Loss: 81.71 | Test ELBO: -83.12
Epoch  26 | Train Loss: 81.46 | Test ELBO: -82.57
Epoch  27 | Train Loss: 81.30 | Test ELBO: -82.58
Epoch  28 | Train Loss: 81.08 | Test ELBO: -82.47
Epoch  29 | Train Loss: 80.92 | Test ELBO: -82.47
Epoch  30 | Train Loss: 80.70 | Test ELBO: -82.82
Epoch  31 | Train Loss: 80.49 | Test ELBO: -82.18
Epoch  32 | Train Loss: 80.34 | Test ELBO: -81.96
Epoch  33 | Train Loss: 80.22 | Test ELBO: -81.72
Epoch  34 | Train Loss: 80.01 | Test ELBO: -81.78
Epoch  35 | Train Loss: 79.89 | Test ELBO: -82.16
Epoch  36 | Train Loss: 79.76 | Test ELBO: -81.79
Epoch  37 | Train Loss: 79.56 | Test ELBO: -81.57
Epoch  38 | Train Loss: 79.48 | Test ELBO: -81.49
Epoch  39 | Train Loss: 79.34 | Test ELBO: -81.75
Epoch  40 | Train Loss: 79.26 | Test ELBO: -81.46
Epoch  41 | Train Loss: 79.09 | Test ELBO: -81.54
Epoch  42 | Train Loss: 79.03 | Test ELBO: -81.32
Epoch  43 | Train Loss: 78.93 | Test ELBO: -81.03
Epoch  44 | Train Loss: 78.78 | Test ELBO: -81.47
Epoch  45 | Train Loss: 78.70 | Test ELBO: -81.24
Epoch  46 | Train Loss: 78.61 | Test ELBO: -81.28
Epoch  47 | Train Loss: 78.57 | Test ELBO: -81.13
Epoch  48 | Train Loss: 78.45 | Test ELBO: -81.25
Epoch  49 | Train Loss: 78.34 | Test ELBO: -81.07
Epoch  50 | Train Loss: 78.30 | Test ELBO: -81.01

Training complete. Best test ELBO: -81.01
Model saved to: models/mog/run_1/vae_mog_final.pt

Done: mog prior, seed=43

------------------------------------------------------------
Sender: LSF System <lsfadmin@hpc.dtu.dk>
Subject: Job 27935129[5]: <vae_train[1-9]> in cluster <dcc> Done

Job <vae_train[1-9]> was submitted from host <hpclogin1> by user <s214374> in cluster <dcc> at Mon Mar  2 13:42:52 2026
Job was executed on host(s) <4*n-62-11-14>, in queue <gpuv100>, as user <s214374> in cluster <dcc> at Mon Mar  2 13:43:23 2026
</zhome/02/6/167678> was used as the home directory.
</zhome/02/6/167678/AdvancedML> was used as the working directory.
Started at Mon Mar  2 13:43:23 2026
Terminated at Mon Mar  2 13:52:42 2026
Results reported at Mon Mar  2 13:52:42 2026

Your job looked like:

------------------------------------------------------------
# LSBATCH: User input
#!/bin/bash
# ===========================================================================
# train_vae.sh — LSF job array: train VAE with 3 priors × 3 seeds = 9 jobs
#
# Each array task trains a single (prior, seed) combination.
# Task mapping:
#   1-3  →  gaussian  (seeds 42, 43, 44)
#   4-6  →  mog       (seeds 42, 43, 44)
#   7-9  →  flow      (seeds 42, 43, 44)
#
# Prerequisites:  bash batch/setup_gpu.sh   (one-time, on login node)
# Submit:         bsub < batch/train_vae.sh
# ===========================================================================
#BSUB -J vae_train[1-9]
#BSUB -q gpuv100
#BSUB -n 4
#BSUB -R "rusage[mem=8GB]"
#BSUB -R "span[hosts=1]"
#BSUB -gpu "num=1:mode=exclusive_process"
#BSUB -W 02:00
#BSUB -o logs/vae_%J_%I.out
#BSUB -e logs/vae_%J_%I.err

set -euo pipefail

# ── Environment ───────────────────────────────────────────────────────
REPO_DIR="/zhome/02/6/167678/AdvancedML"
cd "$REPO_DIR"

module load python3/3.12.7
module load cuda/12.2.2
module load cudnn/v9.1.1.17-prod-cuda-12.X
module load nccl/2.21.5-1-cuda-12.2.2

export PATH="$HOME/.local/bin:$PATH"
source .venv/bin/activate

mkdir -p logs models reports/figures

# ── Map array index → (prior, seed) ──────────────────────────────────
PRIORS=("gaussian" "gaussian" "gaussian" "mog" "mog" "mog" "flow" "flow" "flow")
SEEDS=(42 43 44 42 43 44 42 43 44)

IDX=$(( ${LSB_JOBINDEX} - 1 ))
PRIOR="${PRIORS[$IDX]}"
SEED="${SEEDS[$IDX]}"
RUN_ID=$(( (IDX % 3) ))

SAVE_DIR="models/${PRIOR}/run_${RUN_ID}"


(... more ...)
------------------------------------------------------------

Successfully completed.

Resource usage summary:

    CPU time :                                   557.00 sec.
    Max Memory :                                 799 MB
    Average Memory :                             797.20 MB
    Total Requested Memory :                     32768.00 MB
    Delta Memory :                               31969.00 MB
    Max Swap :                                   -
    Max Processes :                              4
    Max Threads :                                11
    Run time :                                   559 sec.
    Turnaround time :                            590 sec.

The output (if any) is above this job summary.



PS:

Read file <logs/vae_27935129_5.err> for stderr output of this job.

