========================================
  Job array index : 4
  Prior           : mog
  Seed            : 42
  Run ID          : 0
  Save dir        : models/mog/run_0
  Device          : cuda
========================================
Training on: cuda

============================================================
Training VAE with MOG prior
Latent dim: 20, Hidden dim: 256
============================================================

Epoch   1 | Train Loss: 184.04 | Test ELBO: -142.28
Epoch   2 | Train Loss: 128.22 | Test ELBO: -116.89
Epoch   3 | Train Loss: 111.93 | Test ELBO: -105.88
Epoch   4 | Train Loss: 103.49 | Test ELBO: -99.40
Epoch   5 | Train Loss: 98.71 | Test ELBO: -96.04
Epoch   6 | Train Loss: 95.66 | Test ELBO: -93.85
Epoch   7 | Train Loss: 93.48 | Test ELBO: -92.16
Epoch   8 | Train Loss: 91.73 | Test ELBO: -91.06
Epoch   9 | Train Loss: 90.37 | Test ELBO: -89.99
Epoch  10 | Train Loss: 89.27 | Test ELBO: -88.78
Epoch  11 | Train Loss: 88.25 | Test ELBO: -87.66
Epoch  12 | Train Loss: 87.37 | Test ELBO: -87.05
Epoch  13 | Train Loss: 86.58 | Test ELBO: -86.44
Epoch  14 | Train Loss: 85.88 | Test ELBO: -85.95
Epoch  15 | Train Loss: 85.27 | Test ELBO: -85.49
Epoch  16 | Train Loss: 84.66 | Test ELBO: -85.06
Epoch  17 | Train Loss: 84.16 | Test ELBO: -84.70
Epoch  18 | Train Loss: 83.67 | Test ELBO: -84.45
Epoch  19 | Train Loss: 83.24 | Test ELBO: -84.15
Epoch  20 | Train Loss: 82.87 | Test ELBO: -84.05
Epoch  21 | Train Loss: 82.52 | Test ELBO: -83.81
Epoch  22 | Train Loss: 82.17 | Test ELBO: -83.47
Epoch  23 | Train Loss: 81.90 | Test ELBO: -83.28
Epoch  24 | Train Loss: 81.55 | Test ELBO: -82.90
Epoch  25 | Train Loss: 81.33 | Test ELBO: -82.85
Epoch  26 | Train Loss: 81.13 | Test ELBO: -82.55
Epoch  27 | Train Loss: 80.91 | Test ELBO: -82.45
Epoch  28 | Train Loss: 80.69 | Test ELBO: -82.12
Epoch  29 | Train Loss: 80.49 | Test ELBO: -82.25
Epoch  30 | Train Loss: 80.29 | Test ELBO: -82.06
Epoch  31 | Train Loss: 80.13 | Test ELBO: -81.52
Epoch  32 | Train Loss: 79.96 | Test ELBO: -81.58
Epoch  33 | Train Loss: 79.83 | Test ELBO: -81.92
Epoch  34 | Train Loss: 79.67 | Test ELBO: -82.04
Epoch  35 | Train Loss: 79.51 | Test ELBO: -81.45
Epoch  36 | Train Loss: 79.39 | Test ELBO: -81.30
Epoch  37 | Train Loss: 79.24 | Test ELBO: -81.29
Epoch  38 | Train Loss: 79.11 | Test ELBO: -81.45
Epoch  39 | Train Loss: 79.03 | Test ELBO: -81.08
Epoch  40 | Train Loss: 78.81 | Test ELBO: -80.89
Epoch  41 | Train Loss: 78.79 | Test ELBO: -80.97
Epoch  42 | Train Loss: 78.66 | Test ELBO: -80.64
Epoch  43 | Train Loss: 78.53 | Test ELBO: -80.79
Epoch  44 | Train Loss: 78.44 | Test ELBO: -80.98
Epoch  45 | Train Loss: 78.30 | Test ELBO: -80.73
Epoch  46 | Train Loss: 78.29 | Test ELBO: -80.84
Epoch  47 | Train Loss: 78.14 | Test ELBO: -80.56
Epoch  48 | Train Loss: 78.13 | Test ELBO: -80.64
Epoch  49 | Train Loss: 77.93 | Test ELBO: -80.69
Epoch  50 | Train Loss: 77.89 | Test ELBO: -80.53

Training complete. Best test ELBO: -80.53
Model saved to: models/mog/run_0/vae_mog_final.pt

Done: mog prior, seed=42

------------------------------------------------------------
Sender: LSF System <lsfadmin@hpc.dtu.dk>
Subject: Job 27935129[4]: <vae_train[1-9]> in cluster <dcc> Done

Job <vae_train[1-9]> was submitted from host <hpclogin1> by user <s214374> in cluster <dcc> at Mon Mar  2 13:42:52 2026
Job was executed on host(s) <4*n-62-11-13>, in queue <gpuv100>, as user <s214374> in cluster <dcc> at Mon Mar  2 13:43:23 2026
</zhome/02/6/167678> was used as the home directory.
</zhome/02/6/167678/AdvancedML> was used as the working directory.
Started at Mon Mar  2 13:43:23 2026
Terminated at Mon Mar  2 13:52:43 2026
Results reported at Mon Mar  2 13:52:43 2026

Your job looked like:

------------------------------------------------------------
# LSBATCH: User input
#!/bin/bash
# ===========================================================================
# train_vae.sh — LSF job array: train VAE with 3 priors × 3 seeds = 9 jobs
#
# Each array task trains a single (prior, seed) combination.
# Task mapping:
#   1-3  →  gaussian  (seeds 42, 43, 44)
#   4-6  →  mog       (seeds 42, 43, 44)
#   7-9  →  flow      (seeds 42, 43, 44)
#
# Prerequisites:  bash batch/setup_gpu.sh   (one-time, on login node)
# Submit:         bsub < batch/train_vae.sh
# ===========================================================================
#BSUB -J vae_train[1-9]
#BSUB -q gpuv100
#BSUB -n 4
#BSUB -R "rusage[mem=8GB]"
#BSUB -R "span[hosts=1]"
#BSUB -gpu "num=1:mode=exclusive_process"
#BSUB -W 02:00
#BSUB -o logs/vae_%J_%I.out
#BSUB -e logs/vae_%J_%I.err

set -euo pipefail

# ── Environment ───────────────────────────────────────────────────────
REPO_DIR="/zhome/02/6/167678/AdvancedML"
cd "$REPO_DIR"

module load python3/3.12.7
module load cuda/12.2.2
module load cudnn/v9.1.1.17-prod-cuda-12.X
module load nccl/2.21.5-1-cuda-12.2.2

export PATH="$HOME/.local/bin:$PATH"
source .venv/bin/activate

mkdir -p logs models reports/figures

# ── Map array index → (prior, seed) ──────────────────────────────────
PRIORS=("gaussian" "gaussian" "gaussian" "mog" "mog" "mog" "flow" "flow" "flow")
SEEDS=(42 43 44 42 43 44 42 43 44)

IDX=$(( ${LSB_JOBINDEX} - 1 ))
PRIOR="${PRIORS[$IDX]}"
SEED="${SEEDS[$IDX]}"
RUN_ID=$(( (IDX % 3) ))

SAVE_DIR="models/${PRIOR}/run_${RUN_ID}"


(... more ...)
------------------------------------------------------------

Successfully completed.

Resource usage summary:

    CPU time :                                   558.00 sec.
    Max Memory :                                 802 MB
    Average Memory :                             799.80 MB
    Total Requested Memory :                     32768.00 MB
    Delta Memory :                               31966.00 MB
    Max Swap :                                   -
    Max Processes :                              4
    Max Threads :                                11
    Run time :                                   560 sec.
    Turnaround time :                            591 sec.

The output (if any) is above this job summary.



PS:

Read file <logs/vae_27935129_4.err> for stderr output of this job.

